<?xml version="1.0" encoding="UTF-8"?>
<!-- Generated by org.testng.reporters.JUnitReportReporter -->
<testsuite hostname="LAPTOP-N1FNJ9SA" failures="0" tests="1" name="testCases.TC_01_AccouuntRegister" time="48.868" errors="0" timestamp="2024-10-23T22:10:18 IST" skipped="0">
  <testcase classname="testCases.TC_01_AccouuntRegister" name="Register" time="48.868"/>
</testsuite> <!-- testCases.TC_01_AccouuntRegister -->
