<?xml version="1.0" encoding="UTF-8"?>
<!-- Generated by org.testng.reporters.JUnitReportReporter -->
<testsuite hostname="Prashik-PC" failures="0" tests="1" name="testCases.TC_01_AccouuntRegister" time="18.666" errors="0" timestamp="2024-10-28T14:53:40 IST" skipped="0">
  <testcase classname="testCases.TC_01_AccouuntRegister" name="Register" time="18.666"/>
</testsuite> <!-- testCases.TC_01_AccouuntRegister -->
