<?xml version="1.0" encoding="UTF-8"?>
<!-- Generated by org.testng.reporters.JUnitReportReporter -->
<testsuite hostname="Prashik-PC" failures="0" tests="1" name="testCases.TC04_ContactUsPage" time="13.929" errors="0" timestamp="2024-10-28T15:44:32 IST" skipped="0">
  <testcase classname="testCases.TC04_ContactUsPage" name="ContactDetails" time="13.929"/>
</testsuite> <!-- testCases.TC04_ContactUsPage -->
